[H[2J 

		Welcome to Infotrack CPR extractor script .


>> Trying to connect to the server 192.168.1.119:5000.
>> Connection established. Sending authentication protocol.

>> Authentication successful. Security key: {59EBD716-02D7-4C57-97B6-4F1649DD08EB}
>> Sending session start message.
{   'Comm': {   'GPSType': 'INTERNAL', 'RSSI': '4'},
    'Control': {   'Account': '2',
                   'CPRDateTime': '2011/05/31 21:22:59',
                   'MsgId': '378',
                   'Port': '3000',
                   'Provider': ''},
    'Datagram': {   'MsgDateTime': '2011/05/31 18:15:49', 'MsgType': 'TRACKING'},
    'Event': {   'EventDateTime': '2011/05/31 18:15:49'},
    'GPS': {   'Altitude': '675',
               'AltitudeStatus': 'VALID',
               'CableStatus': 'OK',
               'DateTime': '2011/05/31 18:15:44',
               'Lat': '-22.89545',
               'Long': '-47.06057',
               'NorthAngle': '208.1',
               'PosIsValid': 'TRUE',
               'SatNum': '7',
               'Speed': '0'},
    'Header': {   'Id': '198', 'Reason': '0', 'Version': '1.0'},
    'Input': {   'EDN2': 'ON', 'Ignition': 'ON', 'Panic': 'ON'},
    'LinearInput': {   'Odometer': '0', 'RPM': '0', 'Speed': '0'},
    'Output': None,
    'TCA': {   'ProductId': '41', 'SerialNumber': '000017E8', 'VersionId': '1.5'}}
{   'Comm': {   'GPSType': 'INTERNAL', 'RSSI': '4'},
    'Control': {   'Account': '2',
                   'CPRDateTime': '2011/05/31 21:23:59',
                   'MsgId': '379',
                   'Port': '3000',
                   'Provider': ''},
    'Datagram': {   'MsgDateTime': '2011/05/31 18:16:48', 'MsgType': 'TRACKING'},
    'Event': {   'EventDateTime': '2011/05/31 18:16:48'},
    'GPS': {   'Altitude': '676',
               'AltitudeStatus': 'VALID',
               'CableStatus': 'OK',
               'DateTime': '2011/05/31 18:16:44',
               'Lat': '-22.89549',
               'Long': '-47.06060',
               'NorthAngle': '181.7',
               'PosIsValid': 'TRUE',
               'SatNum': '6',
               'Speed': '0'},
    'Header': {   'Id': '198', 'Reason': '0', 'Version': '1.0'},
    'Input': {   'EDN2': 'ON', 'Ignition': 'ON', 'Panic': 'ON'},
    'LinearInput': {   'Odometer': '0', 'RPM': '0', 'Speed': '0'},
    'Output': None,
    'TCA': {   'ProductId': '41', 'SerialNumber': '000017E8', 'VersionId': '1.5'}}
{   'Comm': {   'GPSType': 'INTERNAL', 'RSSI': '4'},
    'Control': {   'Account': '2',
                   'CPRDateTime': '2011/05/31 21:24:59',
                   'MsgId': '380',
                   'Port': '3000',
                   'Provider': ''},
    'Datagram': {   'MsgDateTime': '2011/05/31 18:17:48', 'MsgType': 'TRACKING'},
    'Event': {   'EventDateTime': '2011/05/31 18:17:48'},
    'GPS': {   'Altitude': '670',
               'AltitudeStatus': 'VALID',
               'CableStatus': 'OK',
               'DateTime': '2011/05/31 18:17:44',
               'Lat': '-22.89539',
               'Long': '-47.06050',
               'NorthAngle': '36.7',
               'PosIsValid': 'TRUE',
               'SatNum': '6',
               'Speed': '1'},
    'Header': {   'Id': '198', 'Reason': '0', 'Version': '1.0'},
    'Input': {   'EDN2': 'ON', 'Ignition': 'ON', 'Panic': 'ON'},
    'LinearInput': {   'Odometer': '0', 'RPM': '0', 'Speed': '0'},
    'Output': None,
    'TCA': {   'ProductId': '41', 'SerialNumber': '000017E8', 'VersionId': '1.5'}}
{   'Comm': {   'GPSType': 'INTERNAL', 'RSSI': '4'},
    'Control': {   'Account': '2',
                   'CPRDateTime': '2011/05/31 21:26:00',
                   'MsgId': '381',
                   'Port': '3000',
                   'Provider': ''},
    'Datagram': {   'MsgDateTime': '2011/05/31 18:18:48', 'MsgType': 'TRACKING'},
    'Event': {   'EventDateTime': '2011/05/31 18:18:48'},
    'GPS': {   'Altitude': '682',
               'AltitudeStatus': 'VALID',
               'CableStatus': 'OK',
               'DateTime': '2011/05/31 18:18:44',
               'Lat': '-22.89547',
               'Long': '-47.06054',
               'NorthAngle': '227.5',
               'PosIsValid': 'TRUE',
               'SatNum': '7',
               'Speed': '1'},
    'Header': {   'Id': '198', 'Reason': '0', 'Version': '1.0'},
    'Input': {   'EDN2': 'ON', 'Ignition': 'ON', 'Panic': 'ON'},
    'LinearInput': {   'Odometer': '0', 'RPM': '0', 'Speed': '0'},
    'Output': None,
    'TCA': {   'ProductId': '41', 'SerialNumber': '000017E8', 'VersionId': '1.5'}}
{   'Comm': {   'GPSType': 'INTERNAL', 'RSSI': '4'},
    'Control': {   'Account': '2',
                   'CPRDateTime': '2011/05/31 21:27:00',
                   'MsgId': '382',
                   'Port': '3000',
                   'Provider': ''},
    'Datagram': {   'MsgDateTime': '2011/05/31 18:19:49', 'MsgType': 'TRACKING'},
    'Event': {   'EventDateTime': '2011/05/31 18:19:48'},
    'GPS': {   'Altitude': '664',
               'AltitudeStatus': 'VALID',
               'CableStatus': 'OK',
               'DateTime': '2011/05/31 18:19:44',
               'Lat': '-22.89545',
               'Long': '-47.06052',
               'NorthAngle': '236.2',
               'PosIsValid': 'TRUE',
               'SatNum': '7',
               'Speed': '1'},
    'Header': {   'Id': '198', 'Reason': '0', 'Version': '1.0'},
    'Input': {   'EDN2': 'ON', 'Ignition': 'ON', 'Panic': 'ON'},
    'LinearInput': {   'Odometer': '0', 'RPM': '0', 'Speed': '0'},
    'Output': None,
    'TCA': {   'ProductId': '41', 'SerialNumber': '000017E8', 'VersionId': '1.5'}}
{   'Comm': {   'GPSType': 'INTERNAL', 'RSSI': '4'},
    'Control': {   'Account': '2',
                   'CPRDateTime': '2011/05/31 21:28:00',
                   'MsgId': '383',
                   'Port': '3000',
                   'Provider': ''},
    'Datagram': {   'MsgDateTime': '2011/05/31 18:20:48', 'MsgType': 'TRACKING'},
    'Event': {   'EventDateTime': '2011/05/31 18:20:48'},
    'GPS': {   'Altitude': '664',
               'AltitudeStatus': 'VALID',
               'CableStatus': 'OK',
               'DateTime': '2011/05/31 18:20:44',
               'Lat': '-22.89529',
               'Long': '-47.06042',
               'NorthAngle': '56.2',
               'PosIsValid': 'TRUE',
               'SatNum': '7',
               'Speed': '1'},
    'Header': {   'Id': '198', 'Reason': '0', 'Version': '1.0'},
    'Input': {   'EDN2': 'ON', 'Ignition': 'ON', 'Panic': 'ON'},
    'LinearInput': {   'Odometer': '0', 'RPM': '0', 'Speed': '0'},
    'Output': None,
    'TCA': {   'ProductId': '41', 'SerialNumber': '000017E8', 'VersionId': '1.5'}}
{   'Comm': {   'GPSType': 'INTERNAL', 'RSSI': '4'},
    'Control': {   'Account': '2',
                   'CPRDateTime': '2011/05/31 21:29:00',
                   'MsgId': '384',
                   'Port': '3000',
                   'Provider': ''},
    'Datagram': {   'MsgDateTime': '2011/05/31 18:21:49', 'MsgType': 'TRACKING'},
    'Event': {   'EventDateTime': '2011/05/31 18:21:48'},
    'GPS': {   'Altitude': '648',
               'AltitudeStatus': 'VALID',
               'CableStatus': 'OK',
               'DateTime': '2011/05/31 18:21:44',
               'Lat': '-22.89521',
               'Long': '-47.06028',
               'NorthAngle': '48.9',
               'PosIsValid': 'TRUE',
               'SatNum': '7',
               'Speed': '1'},
    'Header': {   'Id': '198', 'Reason': '0', 'Version': '1.0'},
    'Input': {   'EDN2': 'ON', 'Ignition': 'ON', 'Panic': 'ON'},
    'LinearInput': {   'Odometer': '0', 'RPM': '0', 'Speed': '0'},
    'Output': None,
    'TCA': {   'ProductId': '41', 'SerialNumber': '000017E8', 'VersionId': '1.5'}}
{   'Comm': {   'GPSType': 'INTERNAL', 'RSSI': '4'},
    'Control': {   'Account': '2',
                   'CPRDateTime': '2011/05/31 21:30:00',
                   'MsgId': '385',
                   'Port': '3000',
                   'Provider': ''},
    'Datagram': {   'MsgDateTime': '2011/05/31 18:22:49', 'MsgType': 'TRACKING'},
    'Event': {   'EventDateTime': '2011/05/31 18:22:49'},
    'GPS': {   'Altitude': '665',
               'AltitudeStatus': 'VALID',
               'CableStatus': 'OK',
               'DateTime': '2011/05/31 18:22:44',
               'Lat': '-22.89514',
               'Long': '-47.06029',
               'NorthAngle': '45.0',
               'PosIsValid': 'TRUE',
               'SatNum': '7',
               'Speed': '2'},
    'Header': {   'Id': '198', 'Reason': '0', 'Version': '1.0'},
    'Input': {   'EDN2': 'ON', 'Ignition': 'ON', 'Panic': 'ON'},
    'LinearInput': {   'Odometer': '0', 'RPM': '0', 'Speed': '0'},
    'Output': None,
    'TCA': {   'ProductId': '41', 'SerialNumber': '000017E8', 'VersionId': '1.5'}}
{   'Comm': {   'GPSType': 'INTERNAL', 'RSSI': '4'},
    'Control': {   'Account': '2',
                   'CPRDateTime': '2011/05/31 21:30:59',
                   'MsgId': '386',
                   'Port': '3000',
                   'Provider': ''},
    'Datagram': {   'MsgDateTime': '2011/05/31 18:23:48', 'MsgType': 'TRACKING'},
    'Event': {   'EventDateTime': '2011/05/31 18:23:48'},
    'GPS': {   'Altitude': '647',
               'AltitudeStatus': 'VALID',
               'CableStatus': 'OK',
               'DateTime': '2011/05/31 18:23:44',
               'Lat': '-22.89533',
               'Long': '-47.06048',
               'NorthAngle': '227.9',
               'PosIsValid': 'TRUE',
               'SatNum': '7',
               'Speed': '1'},
    'Header': {   'Id': '198', 'Reason': '0', 'Version': '1.0'},
    'Input': {   'EDN2': 'ON', 'Ignition': 'ON', 'Panic': 'ON'},
    'LinearInput': {   'Odometer': '0', 'RPM': '0', 'Speed': '0'},
    'Output': None,
    'TCA': {   'ProductId': '41', 'SerialNumber': '000017E8', 'VersionId': '1.5'}}
{   'Comm': {   'GPSType': 'INTERNAL', 'RSSI': '4'},
    'Control': {   'Account': '2',
                   'CPRDateTime': '2011/05/31 21:32:00',
                   'MsgId': '387',
                   'Port': '3000',
                   'Provider': ''},
    'Datagram': {   'MsgDateTime': '2011/05/31 18:24:49', 'MsgType': 'TRACKING'},
    'Event': {   'EventDateTime': '2011/05/31 18:24:48'},
    'GPS': {   'Altitude': '657',
               'AltitudeStatus': 'VALID',
               'CableStatus': 'OK',
               'DateTime': '2011/05/31 18:24:44',
               'Lat': '-22.89529',
               'Long': '-47.06044',
               'NorthAngle': '225.4',
               'PosIsValid': 'TRUE',
               'SatNum': '7',
               'Speed': '2'},
    'Header': {   'Id': '198', 'Reason': '0', 'Version': '1.0'},
    'Input': {   'EDN2': 'ON', 'Ignition': 'ON', 'Panic': 'ON'},
    'LinearInput': {   'Odometer': '0', 'RPM': '0', 'Speed': '0'},
    'Output': None,
    'TCA': {   'ProductId': '41', 'SerialNumber': '000017E8', 'VersionId': '1.5'}}
{   'Comm': {   'GPSType': 'INTERNAL', 'RSSI': '4'},
    'Control': {   'Account': '2',
                   'CPRDateTime': '2011/05/31 21:33:00',
                   'MsgId': '388',
                   'Port': '3000',
                   'Provider': ''},
    'Datagram': {   'MsgDateTime': '2011/05/31 18:25:47', 'MsgType': 'TRACKING'},
    'Event': {   'EventDateTime': '2011/05/31 18:25:47'},
    'GPS': {   'Altitude': '663',
               'AltitudeStatus': 'VALID',
               'CableStatus': 'OK',
               'DateTime': '2011/05/31 18:25:44',
               'Lat': '-22.89529',
               'Long': '-47.06045',
               'NorthAngle': '219.9',
               'PosIsValid': 'TRUE',
               'SatNum': '7',
               'Speed': '2'},
    'Header': {   'Id': '198', 'Reason': '0', 'Version': '1.0'},
    'Input': {   'EDN2': 'ON', 'Ignition': 'ON', 'Panic': 'ON'},
    'LinearInput': {   'Odometer': '0', 'RPM': '0', 'Speed': '0'},
    'Output': None,
    'TCA': {   'ProductId': '41', 'SerialNumber': '000017E8', 'VersionId': '1.5'}}
{   'Comm': {   'GPSType': 'INTERNAL', 'RSSI': '4'},
    'Control': {   'Account': '2',
                   'CPRDateTime': '2011/05/31 21:34:00',
                   'MsgId': '389',
                   'Port': '3000',
                   'Provider': ''},
    'Datagram': {   'MsgDateTime': '2011/05/31 18:26:48', 'MsgType': 'TRACKING'},
    'Event': {   'EventDateTime': '2011/05/31 18:26:48'},
    'GPS': {   'Altitude': '672',
               'AltitudeStatus': 'VALID',
               'CableStatus': 'OK',
               'DateTime': '2011/05/31 18:26:44',
               'Lat': '-22.89522',
               'Long': '-47.06044',
               'NorthAngle': '37.2',
               'PosIsValid': 'TRUE',
               'SatNum': '7',
               'Speed': '0'},
    'Header': {   'Id': '198', 'Reason': '0', 'Version': '1.0'},
    'Input': {   'EDN2': 'ON', 'Ignition': 'ON', 'Panic': 'ON'},
    'LinearInput': {   'Odometer': '0', 'RPM': '0', 'Speed': '0'},
    'Output': None,
    'TCA': {   'ProductId': '41', 'SerialNumber': '000017E8', 'VersionId': '1.5'}}
{   'Comm': {   'GPSType': 'INTERNAL', 'RSSI': '4'},
    'Control': {   'Account': '2',
                   'CPRDateTime': '2011/05/31 21:35:00',
                   'MsgId': '390',
                   'Port': '3000',
                   'Provider': ''},
    'Datagram': {   'MsgDateTime': '2011/05/31 18:27:48', 'MsgType': 'TRACKING'},
    'Event': {   'EventDateTime': '2011/05/31 18:27:48'},
    'GPS': {   'Altitude': '685',
               'AltitudeStatus': 'VALID',
               'CableStatus': 'OK',
               'DateTime': '2011/05/31 18:27:44',
               'Lat': '-22.89525',
               'Long': '-47.06050',
               'NorthAngle': '295.7',
               'PosIsValid': 'TRUE',
               'SatNum': '7',
               'Speed': '0'},
    'Header': {   'Id': '198', 'Reason': '0', 'Version': '1.0'},
    'Input': {   'EDN2': 'ON', 'Ignition': 'ON', 'Panic': 'ON'},
    'LinearInput': {   'Odometer': '0', 'RPM': '0', 'Speed': '0'},
    'Output': None,
    'TCA': {   'ProductId': '41', 'SerialNumber': '000017E8', 'VersionId': '1.5'}}
{   'Comm': {   'GPSType': 'INTERNAL', 'RSSI': '4'},
    'Control': {   'Account': '2',
                   'CPRDateTime': '2011/05/31 21:36:00',
                   'MsgId': '391',
                   'Port': '3000',
                   'Provider': ''},
    'Datagram': {   'MsgDateTime': '2011/05/31 18:28:48', 'MsgType': 'TRACKING'},
    'Event': {   'EventDateTime': '2011/05/31 18:28:48'},
    'GPS': {   'Altitude': '674',
               'AltitudeStatus': 'VALID',
               'CableStatus': 'OK',
               'DateTime': '2011/05/31 18:28:44',
               'Lat': '-22.89532',
               'Long': '-47.06056',
               'NorthAngle': '39.7',
               'PosIsValid': 'TRUE',
               'SatNum': '7',
               'Speed': '1'},
    'Header': {   'Id': '198', 'Reason': '0', 'Version': '1.0'},
    'Input': {   'EDN2': 'ON', 'Ignition': 'ON', 'Panic': 'ON'},
    'LinearInput': {   'Odometer': '0', 'RPM': '0', 'Speed': '0'},
    'Output': None,
    'TCA': {   'ProductId': '41', 'SerialNumber': '000017E8', 'VersionId': '1.5'}}
{   'Comm': {   'GPSType': 'INTERNAL', 'RSSI': '4'},
    'Control': {   'Account': '2',
                   'CPRDateTime': '2011/05/31 21:37:00',
                   'MsgId': '392',
                   'Port': '3000',
                   'Provider': ''},
    'Datagram': {   'MsgDateTime': '2011/05/31 18:29:49', 'MsgType': 'TRACKING'},
    'Event': {   'EventDateTime': '2011/05/31 18:29:48'},
    'GPS': {   'Altitude': '679',
               'AltitudeStatus': 'VALID',
               'CableStatus': 'OK',
               'DateTime': '2011/05/31 18:29:44',
               'Lat': '-22.89532',
               'Long': '-47.06051',
               'NorthAngle': '206.5',
               'PosIsValid': 'TRUE',
               'SatNum': '7',
               'Speed': '0'},
    'Header': {   'Id': '198', 'Reason': '0', 'Version': '1.0'},
    'Input': {   'EDN2': 'ON', 'Ignition': 'ON', 'Panic': 'ON'},
    'LinearInput': {   'Odometer': '0', 'RPM': '0', 'Speed': '0'},
    'Output': None,
    'TCA': {   'ProductId': '41', 'SerialNumber': '000017E8', 'VersionId': '1.5'}}
{   'Comm': {   'GPSType': 'INTERNAL', 'RSSI': '4'},
    'Control': {   'Account': '2',
                   'CPRDateTime': '2011/05/31 21:37:59',
                   'MsgId': '393',
                   'Port': '3000',
                   'Provider': ''},
    'Datagram': {   'MsgDateTime': '2011/05/31 18:30:48', 'MsgType': 'TRACKING'},
    'Event': {   'EventDateTime': '2011/05/31 18:30:48'},
    'GPS': {   'Altitude': '676',
               'AltitudeStatus': 'VALID',
               'CableStatus': 'OK',
               'DateTime': '2011/05/31 18:30:44',
               'Lat': '-22.89552',
               'Long': '-47.06065',
               'NorthAngle': '203.2',
               'PosIsValid': 'TRUE',
               'SatNum': '5',
               'Speed': '0'},
    'Header': {   'Id': '198', 'Reason': '0', 'Version': '1.0'},
    'Input': {   'EDN2': 'ON', 'Ignition': 'ON', 'Panic': 'ON'},
    'LinearInput': {   'Odometer': '0', 'RPM': '0', 'Speed': '0'},
    'Output': None,
    'TCA': {   'ProductId': '41', 'SerialNumber': '000017E8', 'VersionId': '1.5'}}
{   'Comm': {   'GPSType': 'INTERNAL', 'RSSI': '4'},
    'Control': {   'Account': '2',
                   'CPRDateTime': '2011/05/31 21:38:59',
                   'MsgId': '394',
                   'Port': '3000',
                   'Provider': ''},
    'Datagram': {   'MsgDateTime': '2011/05/31 18:31:48', 'MsgType': 'TRACKING'},
    'Event': {   'EventDateTime': '2011/05/31 18:31:48'},
    'GPS': {   'Altitude': '679',
               'AltitudeStatus': 'VALID',
               'CableStatus': 'OK',
               'DateTime': '2011/05/31 18:31:44',
               'Lat': '-22.89552',
               'Long': '-47.06064',
               'NorthAngle': '79.3',
               'PosIsValid': 'TRUE',
               'SatNum': '7',
               'Speed': '0'},
    'Header': {   'Id': '198', 'Reason': '0', 'Version': '1.0'},
    'Input': {   'EDN2': 'ON', 'Ignition': 'ON', 'Panic': 'ON'},
    'LinearInput': {   'Odometer': '0', 'RPM': '0', 'Speed': '0'},
    'Output': None,
    'TCA': {   'ProductId': '41', 'SerialNumber': '000017E8', 'VersionId': '1.5'}}
{   'Comm': {   'GPSType': 'INTERNAL', 'RSSI': '4'},
    'Control': {   'Account': '2',
                   'CPRDateTime': '2011/05/31 21:39:59',
                   'MsgId': '395',
                   'Port': '3000',
                   'Provider': ''},
    'Datagram': {   'MsgDateTime': '2011/05/31 18:32:47', 'MsgType': 'TRACKING'},
    'Event': {   'EventDateTime': '2011/05/31 18:32:47'},
    'GPS': {   'Altitude': '685',
               'AltitudeStatus': 'VALID',
               'CableStatus': 'OK',
               'DateTime': '2011/05/31 18:32:44',
               'Lat': '-22.89549',
               'Long': '-47.06062',
               'NorthAngle': '328.6',
               'PosIsValid': 'TRUE',
               'SatNum': '7',
               'Speed': '0'},
    'Header': {   'Id': '198', 'Reason': '0', 'Version': '1.0'},
    'Input': {   'EDN2': 'ON', 'Ignition': 'ON', 'Panic': 'ON'},
    'LinearInput': {   'Odometer': '0', 'RPM': '0', 'Speed': '0'},
    'Output': None,
    'TCA': {   'ProductId': '41', 'SerialNumber': '000017E8', 'VersionId': '1.5'}}
{   'Comm': {   'GPSType': 'INTERNAL', 'RSSI': '4'},
    'Control': {   'Account': '2',
                   'CPRDateTime': '2011/05/31 21:41:00',
                   'MsgId': '396',
                   'Port': '3000',
                   'Provider': ''},
    'Datagram': {   'MsgDateTime': '2011/05/31 18:33:49', 'MsgType': 'TRACKING'},
    'Event': {   'EventDateTime': '2011/05/31 18:33:48'},
    'GPS': {   'Altitude': '682',
               'AltitudeStatus': 'VALID',
               'CableStatus': 'OK',
               'DateTime': '2011/05/31 18:33:44',
               'Lat': '-22.89541',
               'Long': '-47.06057',
               'NorthAngle': '210.7',
               'PosIsValid': 'TRUE',
               'SatNum': '7',
               'Speed': '0'},
    'Header': {   'Id': '198', 'Reason': '0', 'Version': '1.0'},
    'Input': {   'EDN2': 'ON', 'Ignition': 'ON', 'Panic': 'ON'},
    'LinearInput': {   'Odometer': '0', 'RPM': '0', 'Speed': '0'},
    'Output': None,
    'TCA': {   'ProductId': '41', 'SerialNumber': '000017E8', 'VersionId': '1.5'}}
{   'Comm': {   'GPSType': 'INTERNAL', 'RSSI': '4'},
    'Control': {   'Account': '2',
                   'CPRDateTime': '2011/05/31 21:41:59',
                   'MsgId': '397',
                   'Port': '3000',
                   'Provider': ''},
    'Datagram': {   'MsgDateTime': '2011/05/31 18:34:48', 'MsgType': 'TRACKING'},
    'Event': {   'EventDateTime': '2011/05/31 18:34:48'},
    'GPS': {   'Altitude': '689',
               'AltitudeStatus': 'VALID',
               'CableStatus': 'OK',
               'DateTime': '2011/05/31 18:34:44',
               'Lat': '-22.89528',
               'Long': '-47.06049',
               'NorthAngle': '42.9',
               'PosIsValid': 'TRUE',
               'SatNum': '7',
               'Speed': '1'},
    'Header': {   'Id': '198', 'Reason': '0', 'Version': '1.0'},
    'Input': {   'EDN2': 'ON', 'Ignition': 'ON', 'Panic': 'ON'},
    'LinearInput': {   'Odometer': '0', 'RPM': '0', 'Speed': '0'},
    'Output': None,
    'TCA': {   'ProductId': '41', 'SerialNumber': '000017E8', 'VersionId': '1.5'}}
{   'Comm': {   'GPSType': 'INTERNAL', 'RSSI': '4'},
    'Control': {   'Account': '2',
                   'CPRDateTime': '2011/05/31 21:43:00',
                   'MsgId': '398',
                   'Port': '3000',
                   'Provider': ''},
    'Datagram': {   'MsgDateTime': '2011/05/31 18:35:48', 'MsgType': 'TRACKING'},
    'Event': {   'EventDateTime': '2011/05/31 18:35:48'},
    'GPS': {   'Altitude': '684',
               'AltitudeStatus': 'VALID',
               'CableStatus': 'OK',
               'DateTime': '2011/05/31 18:35:44',
               'Lat': '-22.89529',
               'Long': '-47.06052',
               'NorthAngle': '317.3',
               'PosIsValid': 'TRUE',
               'SatNum': '7',
               'Speed': '0'},
    'Header': {   'Id': '198', 'Reason': '0', 'Version': '1.0'},
    'Input': {   'EDN2': 'ON', 'Ignition': 'ON', 'Panic': 'ON'},
    'LinearInput': {   'Odometer': '0', 'RPM': '0', 'Speed': '0'},
    'Output': None,
    'TCA': {   'ProductId': '41', 'SerialNumber': '000017E8', 'VersionId': '1.5'}}
{   'Comm': {   'GPSType': 'INTERNAL', 'RSSI': '4'},
    'Control': {   'Account': '2',
                   'CPRDateTime': '2011/05/31 21:44:00',
                   'MsgId': '399',
                   'Port': '3000',
                   'Provider': ''},
    'Datagram': {   'MsgDateTime': '2011/05/31 18:36:49', 'MsgType': 'TRACKING'},
    'Event': {   'EventDateTime': '2011/05/31 18:36:48'},
    'GPS': {   'Altitude': '691',
               'AltitudeStatus': 'VALID',
               'CableStatus': 'OK',
               'DateTime': '2011/05/31 18:36:44',
               'Lat': '-22.89522',
               'Long': '-47.06045',
               'NorthAngle': '43.8',
               'PosIsValid': 'TRUE',
               'SatNum': '7',
               'Speed': '1'},
    'Header': {   'Id': '198', 'Reason': '0', 'Version': '1.0'},
    'Input': {   'EDN2': 'ON', 'Ignition': 'ON', 'Panic': 'ON'},
    'LinearInput': {   'Odometer': '0', 'RPM': '0', 'Speed': '0'},
    'Output': None,
    'TCA': {   'ProductId': '41', 'SerialNumber': '000017E8', 'VersionId': '1.5'}}
{   'Comm': {   'GPSType': 'INTERNAL', 'RSSI': '4'},
    'Control': {   'Account': '2',
                   'CPRDateTime': '2011/05/31 21:45:00',
                   'MsgId': '400',
                   'Port': '3000',
                   'Provider': ''},
    'Datagram': {   'MsgDateTime': '2011/05/31 18:37:48', 'MsgType': 'TRACKING'},
    'Event': {   'EventDateTime': '2011/05/31 18:37:47'},
    'GPS': {   'Altitude': '692',
               'AltitudeStatus': 'VALID',
               'CableStatus': 'OK',
               'DateTime': '2011/05/31 18:37:44',
               'Lat': '-22.89527',
               'Long': '-47.06050',
               'NorthAngle': '217.5',
               'PosIsValid': 'TRUE',
               'SatNum': '7',
               'Speed': '0'},
    'Header': {   'Id': '198', 'Reason': '0', 'Version': '1.0'},
    'Input': {   'EDN2': 'ON', 'Ignition': 'ON', 'Panic': 'ON'},
    'LinearInput': {   'Odometer': '0', 'RPM': '0', 'Speed': '0'},
    'Output': None,
    'TCA': {   'ProductId': '41', 'SerialNumber': '000017E8', 'VersionId': '1.5'}}
{   'Comm': {   'GPSType': 'INTERNAL', 'RSSI': '4'},
    'Control': {   'Account': '2',
                   'CPRDateTime': '2011/05/31 21:46:00',
                   'MsgId': '401',
                   'Port': '3000',
                   'Provider': ''},
    'Datagram': {   'MsgDateTime': '2011/05/31 18:38:49', 'MsgType': 'TRACKING'},
    'Event': {   'EventDateTime': '2011/05/31 18:38:48'},
    'GPS': {   'Altitude': '687',
               'AltitudeStatus': 'VALID',
               'CableStatus': 'OK',
               'DateTime': '2011/05/31 18:38:44',
               'Lat': '-22.89515',
               'Long': '-47.06045',
               'NorthAngle': '45.1',
               'PosIsValid': 'TRUE',
               'SatNum': '7',
               'Speed': '0'},
    'Header': {   'Id': '198', 'Reason': '0', 'Version': '1.0'},
    'Input': {   'EDN2': 'ON', 'Ignition': 'ON', 'Panic': 'ON'},
    'LinearInput': {   'Odometer': '0', 'RPM': '0', 'Speed': '0'},
    'Output': None,
    'TCA': {   'ProductId': '41', 'SerialNumber': '000017E8', 'VersionId': '1.5'}}
>> Sending Blocker signal to equipment with id 000017E8.
{   'Comm': {   'GPSType': 'INTERNAL', 'RSSI': '4'},
    'Control': {   'Account': '2',
                   'CPRDateTime': '2011/05/31 21:47:00',
                   'MsgId': '402',
                   'Port': '3000',
                   'Provider': ''},
    'Datagram': {   'MsgDateTime': '2011/05/31 18:39:49', 'MsgType': 'TRACKING'},
    'Event': {   'EventDateTime': '2011/05/31 18:39:48'},
    'GPS': {   'Altitude': '686',
               'AltitudeStatus': 'VALID',
               'CableStatus': 'OK',
               'DateTime': '2011/05/31 18:39:44',
               'Lat': '-22.89510',
               'Long': '-47.06042',
               'NorthAngle': '200.0',
               'PosIsValid': 'TRUE',
               'SatNum': '7',
               'Speed': '0'},
    'Header': {   'Id': '198', 'Reason': '0', 'Version': '1.0'},
    'Input': {   'EDN2': 'ON', 'Ignition': 'ON', 'Panic': 'ON'},
    'LinearInput': {   'Odometer': '0', 'RPM': '0', 'Speed': '0'},
    'Output': None,
    'TCA': {   'ProductId': '41', 'SerialNumber': '000017E8', 'VersionId': '1.5'}}
{   'Comm': {   'GPSType': 'INTERNAL', 'RSSI': '4'},
    'Control': {   'Account': '2',
                   'CPRDateTime': '2011/05/31 21:48:00',
                   'MsgId': '403',
                   'Port': '3000',
                   'Provider': ''},
    'Datagram': {   'MsgDateTime': '2011/05/31 18:40:49', 'MsgType': 'TRACKING'},
    'Event': {   'EventDateTime': '2011/05/31 18:40:48'},
    'GPS': {   'Altitude': '680',
               'AltitudeStatus': 'VALID',
               'CableStatus': 'OK',
               'DateTime': '2011/05/31 18:40:44',
               'Lat': '-22.89529',
               'Long': '-47.06054',
               'NorthAngle': '39.7',
               'PosIsValid': 'TRUE',
               'SatNum': '7',
               'Speed': '1'},
    'Header': {   'Id': '198', 'Reason': '0', 'Version': '1.0'},
    'Input': {   'EDN2': 'ON', 'Ignition': 'ON', 'Panic': 'ON'},
    'LinearInput': {   'Odometer': '0', 'RPM': '0', 'Speed': '0'},
    'Output': None,
    'TCA': {   'ProductId': '41', 'SerialNumber': '000017E8', 'VersionId': '1.5'}}
{   'Comm': {   'GPSType': 'INTERNAL', 'RSSI': '4'},
    'Control': {   'Account': '2',
                   'CPRDateTime': '2011/05/31 21:48:59',
                   'MsgId': '404',
                   'Port': '3000',
                   'Provider': ''},
    'Datagram': {   'MsgDateTime': '2011/05/31 18:41:48', 'MsgType': 'TRACKING'},
    'Event': {   'EventDateTime': '2011/05/31 18:41:48'},
    'GPS': {   'Altitude': '684',
               'AltitudeStatus': 'VALID',
               'CableStatus': 'OK',
               'DateTime': '2011/05/31 18:41:44',
               'Lat': '-22.89538',
               'Long': '-47.06057',
               'NorthAngle': '6.2',
               'PosIsValid': 'TRUE',
               'SatNum': '7',
               'Speed': '0'},
    'Header': {   'Id': '198', 'Reason': '0', 'Version': '1.0'},
    'Input': {   'EDN2': 'ON', 'Ignition': 'ON', 'Panic': 'ON'},
    'LinearInput': {   'Odometer': '0', 'RPM': '0', 'Speed': '0'},
    'Output': None,
    'TCA': {   'ProductId': '41', 'SerialNumber': '000017E8', 'VersionId': '1.5'}}
{   'Comm': {   'GPSType': 'INTERNAL', 'RSSI': '4'},
    'Control': {   'Account': '2',
                   'CPRDateTime': '2011/05/31 21:50:00',
                   'MsgId': '405',
                   'Port': '3000',
                   'Provider': ''},
    'Datagram': {   'MsgDateTime': '2011/05/31 18:42:49', 'MsgType': 'TRACKING'},
    'Event': {   'EventDateTime': '2011/05/31 18:42:48'},
    'GPS': {   'Altitude': '688',
               'AltitudeStatus': 'VALID',
               'CableStatus': 'OK',
               'DateTime': '2011/05/31 18:42:44',
               'Lat': '-22.89520',
               'Long': '-47.06047',
               'NorthAngle': '28.1',
               'PosIsValid': 'TRUE',
               'SatNum': '7',
               'Speed': '1'},
    'Header': {   'Id': '198', 'Reason': '0', 'Version': '1.0'},
    'Input': {   'EDN2': 'ON', 'Ignition': 'ON', 'Panic': 'ON'},
    'LinearInput': {   'Odometer': '0', 'RPM': '0', 'Speed': '0'},
    'Output': None,
    'TCA': {   'ProductId': '41', 'SerialNumber': '000017E8', 'VersionId': '1.5'}}
{   'Comm': {   'GPSType': 'INTERNAL', 'RSSI': '4'},
    'Control': {   'Account': '2',
                   'CPRDateTime': '2011/05/31 21:51:00',
                   'MsgId': '406',
                   'Port': '3000',
                   'Provider': ''},
    'Datagram': {   'MsgDateTime': '2011/05/31 18:43:49', 'MsgType': 'TRACKING'},
    'Event': {   'EventDateTime': '2011/05/31 18:43:48'},
    'GPS': {   'Altitude': '696',
               'AltitudeStatus': 'VALID',
               'CableStatus': 'OK',
               'DateTime': '2011/05/31 18:43:44',
               'Lat': '-22.89507',
               'Long': '-47.06040',
               'NorthAngle': '21.4',
               'PosIsValid': 'TRUE',
               'SatNum': '7',
               'Speed': '0'},
    'Header': {   'Id': '198', 'Reason': '0', 'Version': '1.0'},
    'Input': {   'EDN2': 'ON', 'Ignition': 'ON', 'Panic': 'ON'},
    'LinearInput': {   'Odometer': '0', 'RPM': '0', 'Speed': '0'},
    'Output': None,
    'TCA': {   'ProductId': '41', 'SerialNumber': '000017E8', 'VersionId': '1.5'}}
{   'Comm': {   'GPSType': 'INTERNAL', 'RSSI': '4'},
    'Control': {   'Account': '2',
                   'CPRDateTime': '2011/05/31 21:52:01',
                   'MsgId': '407',
                   'Port': '3000',
                   'Provider': ''},
    'Datagram': {   'MsgDateTime': '2011/05/31 18:44:49', 'MsgType': 'TRACKING'},
    'Event': {   'EventDateTime': '2011/05/31 18:44:48'},
    'GPS': {   'Altitude': '685',
               'AltitudeStatus': 'VALID',
               'CableStatus': 'OK',
               'DateTime': '2011/05/31 18:44:44',
               'Lat': '-22.89528',
               'Long': '-47.06053',
               'NorthAngle': '216.5',
               'PosIsValid': 'TRUE',
               'SatNum': '7',
               'Speed': '1'},
    'Header': {   'Id': '198', 'Reason': '0', 'Version': '1.0'},
    'Input': {   'EDN2': 'ON', 'Ignition': 'ON', 'Panic': 'ON'},
    'LinearInput': {   'Odometer': '0', 'RPM': '0', 'Speed': '0'},
    'Output': None,
    'TCA': {   'ProductId': '41', 'SerialNumber': '000017E8', 'VersionId': '1.5'}}
{   'Comm': {   'GPSType': 'INTERNAL', 'RSSI': '4'},
    'Control': {   'Account': '2',
                   'CPRDateTime': '2011/05/31 21:53:00',
                   'MsgId': '408',
                   'Port': '3000',
                   'Provider': ''},
    'Datagram': {   'MsgDateTime': '2011/05/31 18:45:49', 'MsgType': 'TRACKING'},
    'Event': {   'EventDateTime': '2011/05/31 18:45:48'},
    'GPS': {   'Altitude': '685',
               'AltitudeStatus': 'VALID',
               'CableStatus': 'OK',
               'DateTime': '2011/05/31 18:45:44',
               'Lat': '-22.89517',
               'Long': '-47.06047',
               'NorthAngle': '197.1',
               'PosIsValid': 'TRUE',
               'SatNum': '6',
               'Speed': '2'},
    'Header': {   'Id': '198', 'Reason': '0', 'Version': '1.0'},
    'Input': {   'EDN2': 'ON', 'Ignition': 'ON', 'Panic': 'ON'},
    'LinearInput': {   'Odometer': '0', 'RPM': '0', 'Speed': '0'},
    'Output': None,
    'TCA': {   'ProductId': '41', 'SerialNumber': '000017E8', 'VersionId': '1.5'}}
{   'Comm': {   'GPSType': 'INTERNAL', 'RSSI': '4'},
    'Control': {   'Account': '2',
                   'CPRDateTime': '2011/05/31 21:54:00',
                   'MsgId': '409',
                   'Port': '3000',
                   'Provider': ''},
    'Datagram': {   'MsgDateTime': '2011/05/31 18:46:48', 'MsgType': 'TRACKING'},
    'Event': {   'EventDateTime': '2011/05/31 18:46:48'},
    'GPS': {   'Altitude': '687',
               'AltitudeStatus': 'VALID',
               'CableStatus': 'OK',
               'DateTime': '2011/05/31 18:46:44',
               'Lat': '-22.89508',
               'Long': '-47.06041',
               'NorthAngle': '243.8',
               'PosIsValid': 'TRUE',
               'SatNum': '7',
               'Speed': '1'},
    'Header': {   'Id': '198', 'Reason': '0', 'Version': '1.0'},
    'Input': {   'EDN2': 'ON', 'Ignition': 'ON', 'Panic': 'ON'},
    'LinearInput': {   'Odometer': '0', 'RPM': '0', 'Speed': '0'},
    'Output': None,
    'TCA': {   'ProductId': '41', 'SerialNumber': '000017E8', 'VersionId': '1.5'}}
{   'Comm': {   'GPSType': 'INTERNAL', 'RSSI': '4'},
    'Control': {   'Account': '2',
                   'CPRDateTime': '2011/05/31 21:55:00',
                   'MsgId': '410',
                   'Port': '3000',
                   'Provider': ''},
    'Datagram': {   'MsgDateTime': '2011/05/31 18:47:48', 'MsgType': 'TRACKING'},
    'Event': {   'EventDateTime': '2011/05/31 18:47:48'},
    'GPS': {   'Altitude': '692',
               'AltitudeStatus': 'VALID',
               'CableStatus': 'OK',
               'DateTime': '2011/05/31 18:47:44',
               'Lat': '-22.89499',
               'Long': '-47.06032',
               'NorthAngle': '224.4',
               'PosIsValid': 'TRUE',
               'SatNum': '6',
               'Speed': '1'},
    'Header': {   'Id': '198', 'Reason': '0', 'Version': '1.0'},
    'Input': {   'EDN2': 'ON', 'Ignition': 'ON', 'Panic': 'ON'},
    'LinearInput': {   'Odometer': '0', 'RPM': '0', 'Speed': '0'},
    'Output': None,
    'TCA': {   'ProductId': '41', 'SerialNumber': '000017E8', 'VersionId': '1.5'}}
{   'Comm': {   'GPSType': 'INTERNAL', 'RSSI': '4'},
    'Control': {   'Account': '2',
                   'CPRDateTime': '2011/05/31 21:56:00',
                   'MsgId': '411',
                   'Port': '3000',
                   'Provider': ''},
    'Datagram': {   'MsgDateTime': '2011/05/31 18:48:48', 'MsgType': 'TRACKING'},
    'Event': {   'EventDateTime': '2011/05/31 18:48:47'},
    'GPS': {   'Altitude': '709',
               'AltitudeStatus': 'VALID',
               'CableStatus': 'OK',
               'DateTime': '2011/05/31 18:48:44',
               'Lat': '-22.89500',
               'Long': '-47.06028',
               'NorthAngle': '203.5',
               'PosIsValid': 'TRUE',
               'SatNum': '7',
               'Speed': '2'},
    'Header': {   'Id': '198', 'Reason': '0', 'Version': '1.0'},
    'Input': {   'EDN2': 'ON', 'Ignition': 'ON', 'Panic': 'ON'},
    'LinearInput': {   'Odometer': '0', 'RPM': '0', 'Speed': '0'},
    'Output': None,
    'TCA': {   'ProductId': '41', 'SerialNumber': '000017E8', 'VersionId': '1.5'}}
{   'Comm': {   'GPSType': 'INTERNAL', 'RSSI': '4'},
    'Control': {   'Account': '2',
                   'CPRDateTime': '2011/05/31 21:57:00',
                   'MsgId': '412',
                   'Port': '3000',
                   'Provider': ''},
    'Datagram': {   'MsgDateTime': '2011/05/31 18:49:47', 'MsgType': 'TRACKING'},
    'Event': {   'EventDateTime': '2011/05/31 18:49:47'},
    'GPS': {   'Altitude': '711',
               'AltitudeStatus': 'VALID',
               'CableStatus': 'OK',
               'DateTime': '2011/05/31 18:49:44',
               'Lat': '-22.89500',
               'Long': '-47.06032',
               'NorthAngle': '176.7',
               'PosIsValid': 'TRUE',
               'SatNum': '6',
               'Speed': '0'},
    'Header': {   'Id': '198', 'Reason': '0', 'Version': '1.0'},
    'Input': {   'EDN2': 'ON', 'Ignition': 'ON', 'Panic': 'ON'},
    'LinearInput': {   'Odometer': '0', 'RPM': '0', 'Speed': '0'},
    'Output': None,
    'TCA': {   'ProductId': '41', 'SerialNumber': '000017E8', 'VersionId': '1.5'}}
{   'Comm': {   'GPSType': 'INTERNAL', 'RSSI': '4'},
    'Control': {   'Account': '2',
                   'CPRDateTime': '2011/05/31 21:58:00',
                   'MsgId': '413',
                   'Port': '3000',
                   'Provider': ''},
    'Datagram': {   'MsgDateTime': '2011/05/31 18:50:48', 'MsgType': 'TRACKING'},
    'Event': {   'EventDateTime': '2011/05/31 18:50:48'},
    'GPS': {   'Altitude': '709',
               'AltitudeStatus': 'VALID',
               'CableStatus': 'OK',
               'DateTime': '2011/05/31 18:50:44',
               'Lat': '-22.89509',
               'Long': '-47.06036',
               'NorthAngle': '218.0',
               'PosIsValid': 'TRUE',
               'SatNum': '7',
               'Speed': '1'},
    'Header': {   'Id': '198', 'Reason': '0', 'Version': '1.0'},
    'Input': {   'EDN2': 'ON', 'Ignition': 'ON', 'Panic': 'ON'},
    'LinearInput': {   'Odometer': '0', 'RPM': '0', 'Speed': '0'},
    'Output': None,
    'TCA': {   'ProductId': '41', 'SerialNumber': '000017E8', 'VersionId': '1.5'}}
{   'Comm': {   'GPSType': 'INTERNAL', 'RSSI': '4'},
    'Control': {   'Account': '2',
                   'CPRDateTime': '2011/05/31 21:58:59',
                   'MsgId': '414',
                   'Port': '3000',
                   'Provider': ''},
    'Datagram': {   'MsgDateTime': '2011/05/31 18:51:48', 'MsgType': 'TRACKING'},
    'Event': {   'EventDateTime': '2011/05/31 18:51:48'},
    'GPS': {   'Altitude': '722',
               'AltitudeStatus': 'VALID',
               'CableStatus': 'OK',
               'DateTime': '2011/05/31 18:51:44',
               'Lat': '-22.89494',
               'Long': '-47.06024',
               'NorthAngle': '227.1',
               'PosIsValid': 'TRUE',
               'SatNum': '6',
               'Speed': '2'},
    'Header': {   'Id': '198', 'Reason': '0', 'Version': '1.0'},
    'Input': {   'EDN2': 'ON', 'Ignition': 'ON', 'Panic': 'ON'},
    'LinearInput': {   'Odometer': '0', 'RPM': '0', 'Speed': '0'},
    'Output': None,
    'TCA': {   'ProductId': '41', 'SerialNumber': '000017E8', 'VersionId': '1.5'}}
{   'Comm': {   'GPSType': 'INTERNAL', 'RSSI': '4'},
    'Control': {   'Account': '2',
                   'CPRDateTime': '2011/05/31 22:00:00',
                   'MsgId': '415',
                   'Port': '3000',
                   'Provider': ''},
    'Datagram': {   'MsgDateTime': '2011/05/31 18:52:48', 'MsgType': 'TRACKING'},
    'Event': {   'EventDateTime': '2011/05/31 18:52:48'},
    'GPS': {   'Altitude': '715',
               'AltitudeStatus': 'VALID',
               'CableStatus': 'OK',
               'DateTime': '2011/05/31 18:52:44',
               'Lat': '-22.89512',
               'Long': '-47.06036',
               'NorthAngle': '187.7',
               'PosIsValid': 'TRUE',
               'SatNum': '5',
               'Speed': '0'},
    'Header': {   'Id': '198', 'Reason': '0', 'Version': '1.0'},
    'Input': {   'EDN2': 'ON', 'Ignition': 'ON', 'Panic': 'ON'},
    'LinearInput': {   'Odometer': '0', 'RPM': '0', 'Speed': '0'},
    'Output': None,
    'TCA': {   'ProductId': '41', 'SerialNumber': '000017E8', 'VersionId': '1.5'}}
{   'Comm': {   'GPSType': 'INTERNAL', 'RSSI': '4'},
    'Control': {   'Account': '2',
                   'CPRDateTime': '2011/05/31 22:00:58',
                   'MsgId': '416',
                   'Port': '3000',
                   'Provider': ''},
    'Datagram': {   'MsgDateTime': '2011/05/31 18:53:46', 'MsgType': 'STATE'},
    'Event': {   'EventDateTime': '2011/05/31 18:53:45', 'TempIsValid': 'TRUE'},
    'GPS': {   'Altitude': '711',
               'AltitudeStatus': 'VALID',
               'CableStatus': 'OK',
               'DateTime': '2011/05/31 18:53:44',
               'Lat': '-22.89520',
               'Long': '-47.06044',
               'NorthAngle': '87.3',
               'PosIsValid': 'TRUE',
               'SatNum': '6',
               'Speed': '0'},
    'Header': {   'Id': '198', 'Reason': '0', 'Version': '1.0'},
    'Input': {   'EDN2': 'ON', 'Ignition': 'ON', 'Panic': 'ON'},
    'LinearInput': {   'BackBattery': '37',
                       'MainBattery': '16',
                       'Odometer': '0',
                       'RPM': '0',
                       'Speed': '0',
                       'Temp1': '24',
                       'Temp2': '127',
                       'Temp3': '127'},
    'Output': None,
    'TCA': {   'ProductId': '41', 'SerialNumber': '000017E8', 'VersionId': '1.5'}}
{   'Comm': {   'GPSType': 'INTERNAL', 'RSSI': '4'},
    'Control': {   'Account': '2',
                   'CPRDateTime': '2011/05/31 22:01:01',
                   'MsgId': '417',
                   'Port': '3000',
                   'Provider': ''},
    'Datagram': {   'MsgDateTime': '2011/05/31 18:53:49', 'MsgType': 'TRACKING'},
    'Event': {   'EventDateTime': '2011/05/31 18:53:48'},
    'GPS': {   'Altitude': '711',
               'AltitudeStatus': 'VALID',
               'CableStatus': 'OK',
               'DateTime': '2011/05/31 18:53:44',
               'Lat': '-22.89520',
               'Long': '-47.06044',
               'NorthAngle': '87.3',
               'PosIsValid': 'TRUE',
               'SatNum': '6',
               'Speed': '0'},
    'Header': {   'Id': '198', 'Reason': '0', 'Version': '1.0'},
    'Input': {   'EDN2': 'ON', 'Ignition': 'ON', 'Panic': 'ON'},
    'LinearInput': {   'Odometer': '0', 'RPM': '0', 'Speed': '0'},
    'Output': None,
    'TCA': {   'ProductId': '41', 'SerialNumber': '000017E8', 'VersionId': '1.5'}}
{   'Control': {   'Account': '2',
                   'CPRDateTime': '2011/05/31 22:01:04',
                   'MsgId': '418',
                   'Port': '3000',
                   'Provider': ''},
    'Datagram': {   'MsgDateTime': '2011/05/31 18:53:52'},
    'Header': {   'Id': '201', 'Reason': '0', 'Version': '1.0'},
    'RS485': {   'Id': '0',
                 'Name': 'Sensor de Temperatura',
                 'State': 'NO-REPORT'},
    'TCA': {   'ProductId': '41', 'SerialNumber': '000017E8', 'VersionId': '1.5'}}
{   'Comm': {   'GPSType': 'INTERNAL', 'RSSI': '4'},
    'Control': {   'Account': '2',
                   'CPRDateTime': '2011/05/31 22:01:18',
                   'MsgId': '419',
                   'Port': '3000',
                   'Provider': ''},
    'Datagram': {   'MsgDateTime': '2011/05/31 18:54:06', 'MsgType': 'STATE'},
    'Event': {   'EventDateTime': '2011/05/31 18:54:05', 'TempIsValid': 'TRUE'},
    'GPS': {   'Altitude': '703',
               'AltitudeStatus': 'VALID',
               'CableStatus': 'OK',
               'DateTime': '2011/05/31 18:54:04',
               'Lat': '-22.89535',
               'Long': '-47.06055',
               'NorthAngle': '70.4',
               'PosIsValid': 'TRUE',
               'SatNum': '6',
               'Speed': '0'},
    'Header': {   'Id': '198', 'Reason': '0', 'Version': '1.0'},
    'Input': {   'EDN2': 'ON', 'Ignition': 'ON', 'Panic': 'ON'},
    'LinearInput': {   'BackBattery': '37',
                       'MainBattery': '16',
                       'Odometer': '0',
                       'RPM': '0',
                       'Speed': '0',
                       'Temp1': '25',
                       'Temp2': '127',
                       'Temp3': '127'},
    'Output': None,
    'TCA': {   'ProductId': '41', 'SerialNumber': '000017E8', 'VersionId': '1.5'}}
{   'Comm': {   'GPSType': 'INTERNAL', 'RSSI': '4'},
    'Control': {   'Account': '2',
                   'CPRDateTime': '2011/05/31 22:01:24',
                   'MsgId': '420',
                   'Port': '3000',
                   'Provider': ''},
    'Datagram': {   'MsgDateTime': '2011/05/31 18:54:12', 'MsgType': 'STATE'},
    'Event': {   'EventDateTime': '2011/05/31 18:54:11', 'TempIsValid': 'TRUE'},
    'GPS': {   'Altitude': '703',
               'AltitudeStatus': 'VALID',
               'CableStatus': 'OK',
               'DateTime': '2011/05/31 18:54:09',
               'Lat': '-22.89536',
               'Long': '-47.06056',
               'NorthAngle': '225.6',
               'PosIsValid': 'TRUE',
               'SatNum': '6',
               'Speed': '1'},
    'Header': {   'Id': '198', 'Reason': '0', 'Version': '1.0'},
    'Input': {   'EDN2': 'ON', 'Ignition': 'ON', 'Panic': 'ON'},
    'LinearInput': {   'BackBattery': '37',
                       'MainBattery': '16',
                       'Odometer': '0',
                       'RPM': '0',
                       'Speed': '0',
                       'Temp1': '24',
                       'Temp2': '127',
                       'Temp3': '127'},
    'Output': None,
    'TCA': {   'ProductId': '41', 'SerialNumber': '000017E8', 'VersionId': '1.5'}}
{   'Comm': {   'GPSType': 'INTERNAL', 'RSSI': '4'},
    'Control': {   'Account': '2',
                   'CPRDateTime': '2011/05/31 22:01:39',
                   'MsgId': '421',
                   'Port': '3000',
                   'Provider': ''},
    'Datagram': {   'MsgDateTime': '2011/05/31 18:54:27', 'MsgType': 'STATE'},
    'Event': {   'EventDateTime': '2011/05/31 18:54:26', 'TempIsValid': 'TRUE'},
    'GPS': {   'Altitude': '704',
               'AltitudeStatus': 'VALID',
               'CableStatus': 'OK',
               'DateTime': '2011/05/31 18:54:24',
               'Lat': '-22.89528',
               'Long': '-47.06050',
               'NorthAngle': '234.1',
               'PosIsValid': 'TRUE',
               'SatNum': '5',
               'Speed': '0'},
    'Header': {   'Id': '198', 'Reason': '0', 'Version': '1.0'},
    'Input': {   'EDN2': 'ON', 'Ignition': 'ON', 'Panic': 'ON'},
    'LinearInput': {   'BackBattery': '37',
                       'MainBattery': '16',
                       'Odometer': '0',
                       'RPM': '0',
                       'Speed': '0',
                       'Temp1': '25',
                       'Temp2': '127',
                       'Temp3': '127'},
    'Output': None,
    'TCA': {   'ProductId': '41', 'SerialNumber': '000017E8', 'VersionId': '1.5'}}
{   'Comm': {   'GPSType': 'INTERNAL', 'RSSI': '4'},
    'Control': {   'Account': '2',
                   'CPRDateTime': '2011/05/31 22:01:50',
                   'MsgId': '422',
                   'Port': '3000',
                   'Provider': ''},
    'Datagram': {   'MsgDateTime': '2011/05/31 18:54:38', 'MsgType': 'STATE'},
    'Event': {   'EventDateTime': '2011/05/31 18:54:36', 'TempIsValid': 'TRUE'},
    'GPS': {   'Altitude': '703',
               'AltitudeStatus': 'VALID',
               'CableStatus': 'OK',
               'DateTime': '2011/05/31 18:54:34',
               'Lat': '-22.89529',
               'Long': '-47.06050',
               'NorthAngle': '62.6',
               'PosIsValid': 'TRUE',
               'SatNum': '6',
               'Speed': '0'},
    'Header': {   'Id': '198', 'Reason': '0', 'Version': '1.0'},
    'Input': {   'EDN2': 'ON', 'Ignition': 'ON', 'Panic': 'ON'},
    'LinearInput': {   'BackBattery': '37',
                       'MainBattery': '16',
                       'Odometer': '0',
                       'RPM': '0',
                       'Speed': '0',
                       'Temp1': '24',
                       'Temp2': '127',
                       'Temp3': '127'},
    'Output': None,
    'TCA': {   'ProductId': '41', 'SerialNumber': '000017E8', 'VersionId': '1.5'}}
{   'Comm': {   'GPSType': 'INTERNAL', 'RSSI': '4'},
    'Control': {   'Account': '2',
                   'CPRDateTime': '2011/05/31 22:02:00',
                   'MsgId': '423',
                   'Port': '3000',
                   'Provider': ''},
    'Datagram': {   'MsgDateTime': '2011/05/31 18:54:49', 'MsgType': 'TRACKING'},
    'Event': {   'EventDateTime': '2011/05/31 18:54:48'},
    'GPS': {   'Altitude': '705',
               'AltitudeStatus': 'VALID',
               'CableStatus': 'OK',
               'DateTime': '2011/05/31 18:54:44',
               'Lat': '-22.89516',
               'Long': '-47.06042',
               'NorthAngle': '20.8',
               'PosIsValid': 'TRUE',
               'SatNum': '6',
               'Speed': '1'},
    'Header': {   'Id': '198', 'Reason': '0', 'Version': '1.0'},
    'Input': {   'EDN2': 'ON', 'Ignition': 'ON', 'Panic': 'ON'},
    'LinearInput': {   'Odometer': '0', 'RPM': '0', 'Speed': '0'},
    'Output': None,
    'TCA': {   'ProductId': '41', 'SerialNumber': '000017E8', 'VersionId': '1.5'}}
{   'Comm': {   'GPSType': 'INTERNAL', 'RSSI': '4'},
    'Control': {   'Account': '2',
                   'CPRDateTime': '2011/05/31 22:03:00',
                   'MsgId': '424',
                   'Port': '3000',
                   'Provider': ''},
    'Datagram': {   'MsgDateTime': '2011/05/31 18:55:49', 'MsgType': 'TRACKING'},
    'Event': {   'EventDateTime': '2011/05/31 18:55:48'},
    'GPS': {   'Altitude': '701',
               'AltitudeStatus': 'VALID',
               'CableStatus': 'OK',
               'DateTime': '2011/05/31 18:55:44',
               'Lat': '-22.89522',
               'Long': '-47.06047',
               'NorthAngle': '217.6',
               'PosIsValid': 'TRUE',
               'SatNum': '5',
               'Speed': '1'},
    'Header': {   'Id': '198', 'Reason': '0', 'Version': '1.0'},
    'Input': {   'EDN2': 'ON', 'Ignition': 'ON', 'Panic': 'ON'},
    'LinearInput': {   'Odometer': '0', 'RPM': '0', 'Speed': '0'},
    'Output': None,
    'TCA': {   'ProductId': '41', 'SerialNumber': '000017E8', 'VersionId': '1.5'}}
{   'Comm': {   'GPSType': 'INTERNAL', 'RSSI': '4'},
    'Control': {   'Account': '2',
                   'CPRDateTime': '2011/05/31 22:03:37',
                   'MsgId': '425',
                   'Port': '3000',
                   'Provider': ''},
    'Datagram': {   'MsgDateTime': '2011/05/31 18:56:24', 'MsgType': 'STATE'},
    'Event': {   'EventDateTime': '2011/05/31 18:56:24', 'TempIsValid': 'TRUE'},
    'GPS': {   'Altitude': '711',
               'AltitudeStatus': 'VALID',
               'CableStatus': 'OK',
               'DateTime': '2011/05/31 18:56:19',
               'Lat': '-22.89501',
               'Long': '-47.06029',
               'NorthAngle': '199.1',
               'PosIsValid': 'TRUE',
               'SatNum': '6',
               'Speed': '0'},
    'Header': {   'Id': '198', 'Reason': '0', 'Version': '1.0'},
    'Input': {   'EDN2': 'ON', 'Ignition': 'ON', 'Panic': 'ON'},
    'LinearInput': {   'BackBattery': '37',
                       'MainBattery': '16',
                       'Odometer': '0',
                       'RPM': '0',
                       'Speed': '0',
                       'Temp1': '25',
                       'Temp2': '127',
                       'Temp3': '127'},
    'Output': None,
    'TCA': {   'ProductId': '41', 'SerialNumber': '000017E8', 'VersionId': '1.5'}}
>> Exiting the extraction script.
